<?xml version="1.0" encoding="UTF-8"?>
<!-- Generated by org.testng.reporters.JUnitReportReporter -->
<testsuite skipped="0" hostname="DESKTOP-7DI8VTP" name="task1.Scenario1" tests="1" failures="0" timestamp="09 Feb 2018 06:30:45 GMT" time="28.147" errors="0">
  <testcase name="test1" time="28.147" classname="task1.Scenario1"/>
</testsuite> <!-- task1.Scenario1 -->
